<config xmlns="urn:org:jgroups"
        xmlns:xsi="http://www.w3.org/2001/XMLSchema-instance"
        xsi:schemaLocation="urn:org:jgroups http://www.jgroups.org/schema/jgroups.xsd">
    <SHARED_LOOPBACK />
    <SHARED_LOOPBACK_PING />
    <pbcast.NAKACK2 xmit_interval="500"
                    xmit_table_num_rows="100"
                    xmit_table_msgs_per_row="2000"
                    xmit_table_max_compaction_time="30000"
                    use_mcast_xmit="false"
                    discard_delivered_msgs="true"/>
    <UNICAST3 xmit_interval="500"
              xmit_table_num_rows="100"
              xmit_table_msgs_per_row="2000"
              xmit_table_max_compaction_time="60000"
              conn_expiry_timeout="0"/>
    <pbcast.STABLE desired_avg_gossip="50000"
                   max_bytes="4M"/>
    <pbcast.GMS print_local_addr="false" print_physical_addrs="false" print_view_details="false" join_timeout="2000"/>
    <FRAG4 frag_size="60K"  />
    <raft.ELECTION />
    <raft.RAFT members="${raft_members:A,B,C}"
               raft_id="${raft_id}"
               log_dir="${log_dir}" />
    <raft.REDIRECT/>
</config>
